<?xml version="1.0" encoding="UTF-8"?>
<testsuite name="com.hackertrail.challenge.service.AccountDAOImplTest" time="3.63" tests="4" errors="0" skipped="0" failures="0">
  <properties>
[...]
</properties>
  <testcase name="testWithDrawOverAvailableBalance" classname="com.hackertrail.challenge.service.AccountDAOImplTest" time="2.684"/>
  <testcase name="testCreditAmount" classname="com.hackertrail.challenge.service.AccountDAOImplTest" time="0.336"/>
  <testcase name="testCheckBalance" classname="com.hackertrail.challenge.service.AccountDAOImplTest" time="0.266"/>
  <testcase name="testConcrrentTransactionsConsistency" classname="com.hackertrail.challenge.service.AccountDAOImplTest" time="0.344"/>
</testsuite>